build/app/outputs/mapping/release/mapping.txt
# compiler: R8
# compiler_version: 1.5.64
# min_api: 16
# pg_map_id: 7222c91
com.kiran.flick.MainActivity -> com.kiran.flick.MainActivity:
    void configureFlutterEngine(io.flutter.embedding.engine.FlutterEngine) -> b
...
com.google.firebase.platforminfo.KotlinDetector -> b.a.b.i.e:
    java.lang.String detectVersion() -> a
com.google.firebase.platforminfo.LibraryVersion -> b.a.b.i.f:
    com.google.firebase.platforminfo.LibraryVersion create(java.lang.String,java.lang.String) -> a
    java.lang.String getLibraryName() -> a
    java.lang.String getVersion() -> b
com.google.firebase.platforminfo.LibraryVersionComponent -> b.a.b.i.g:
    com.google.firebase.components.Component create(java.lang.String,java.lang.String) -> a
com.google.firebase.platforminfo.UserAgentPublisher -> b.a.b.i.h:
    java.lang.String getUserAgent() -> a
com.google.firebase.provider.FirebaseInitProvider -> com.google.firebase.provider.FirebaseInitProvider:
    void checkContentProviderAuthority(android.content.pm.ProviderInfo) -> a
com.tekartik.sqflite.Database -> b.b.a.a:
    android.database.sqlite.SQLiteDatabase sqliteDatabase -> e
    boolean inTransaction -> f
    int logLevel -> d
    boolean singleInstance -> a
    java.lang.String path -> b
    int id -> c
    void close() -> a
    void deleteDatabase(java.lang.String) -> a
    android.database.sqlite.SQLiteDatabase getReadableDatabase() -> b
    java.lang.String getThreadLogPrefix() -> c
    java.lang.String getThreadLogTag() -> d
    android.database.sqlite.SQLiteDatabase getWritableDatabase() -> e
    void open() -> f
    void openReadOnly() -> g
com.tekartik.sqflite.Database$1 -> b.b.a.a$a:
com.tekartik.sqflite.LogLevel -> b.b.a.b:
    java.lang.Integer getLogLevel(io.flutter.plugin.common.MethodCall) -> a
    boolean hasSqlLevel(int) -> a
    boolean hasVerboseLevel(int) -> b
com.tekartik.sqflite.SqflitePlugin -> b.b.a.c:
    android.content.Context context -> a
    java.lang.Object openCloseLocker -> h
    java.lang.String databasesPath -> i
    android.os.HandlerThread handlerThread -> k
    int databaseId -> j
    java.util.Map databaseMap -> m
    java.lang.Object databaseMapLocker -> g
    int logLevel -> f
    int THREAD_PRIORITY -> e
    java.util.Map _singleInstancesByPath -> c
    android.os.Handler handler -> l
    boolean QUERY_AS_MAP_LIST -> d
    io.flutter.plugin.common.MethodChannel methodChannel -> b
    boolean access$100(com.tekartik.sqflite.SqflitePlugin,com.tekartik.sqflite.Database,com.tekartik.sqflite.operation.Operation) -> a
    int access$1000() -> a
    com.tekartik.sqflite.Database access$500(com.tekartik.sqflite.SqflitePlugin,com.tekartik.sqflite.Database,io.flutter.plugin.common.MethodCall,io.flutter.plugin.common.MethodChannel$Result) -> a
    void access$700(com.tekartik.sqflite.SqflitePlugin,java.lang.Exception,com.tekartik.sqflite.operation.Operation,com.tekartik.sqflite.Database) -> a
    void access$900(com.tekartik.sqflite.SqflitePlugin,com.tekartik.sqflite.Database) -> a
    void closeDatabase(com.tekartik.sqflite.Database) -> a
    java.util.List cursorRowToList(android.database.Cursor,int) -> a
    java.util.Map cursorRowToMap(android.database.Cursor) -> a
    boolean execute(com.tekartik.sqflite.Database,com.tekartik.sqflite.operation.Operation) -> a
com.tekartik.sqflite.SqflitePlugin$1 -> b.b.a.c$a:
    io.flutter.plugin.common.MethodCall val$call -> a
    com.tekartik.sqflite.SqflitePlugin$BgResult val$bgResult -> b
    com.tekartik.sqflite.Database val$database -> c
    com.tekartik.sqflite.SqflitePlugin this$0 -> d
com.tekartik.sqflite.SqflitePlugin$2 -> b.b.a.c$b:
    io.flutter.plugin.common.MethodCall val$call -> a
    com.tekartik.sqflite.SqflitePlugin$BgResult val$bgResult -> b
    com.tekartik.sqflite.Database val$database -> c
    com.tekartik.sqflite.SqflitePlugin this$0 -> d
com.tekartik.sqflite.SqflitePlugin$3 -> b.b.a.c$c:
    io.flutter.plugin.common.MethodCall val$call -> a
    com.tekartik.sqflite.SqflitePlugin$BgResult val$bgResult -> b
    com.tekartik.sqflite.Database val$database -> c
    com.tekartik.sqflite.SqflitePlugin this$0 -> d